<?xml version="1.0" encoding="UTF-8"?>
<!-- Generated by org.testng.reporters.JUnitReportReporter -->
<testsuite hostname="DESKTOP-VB4B7P9" name="com.test.api.GetJsonPlaceholde" tests="1" failures="0" timestamp="9 Feb 2021 20:18:46 GMT" time="1.772" errors="0">
  <testcase name="testResponsecode" time="1.772" classname="com.test.api.GetJsonPlaceholde"/>
</testsuite> <!-- com.test.api.GetJsonPlaceholde -->
